20:49:03 scenario.file.loc[Ljava.lang.String;@6646153
20:49:03 loading feature file: /Users/dineshbalajivenkataraman/Downloads/Quantum-Starter-Kit-master/src/main/resources/scenarios/webSearch.feature
20:49:03 loading feature file: /Users/dineshbalajivenkataraman/Downloads/Quantum-Starter-Kit-master/src/main/resources/scenarios/appiumCalc.feature
20:49:03 Excluded SCENARIO - Appium Example Scenario:null
20:49:03 Excluded SCENARIO - Appium Example Scenario 2:null
20:49:03 total test found: 5
20:49:03 scenario.file.loc[Ljava.lang.String;@35cabb2a
20:49:03 loading feature file: /Users/dineshbalajivenkataraman/Downloads/Quantum-Starter-Kit-master/src/main/resources/scenarios/webSearch.feature
20:49:03 loading feature file: /Users/dineshbalajivenkataraman/Downloads/Quantum-Starter-Kit-master/src/main/resources/scenarios/appiumCalc.feature
20:49:03 Excluded SCENARIO - Appium Example Scenario:null
20:49:03 Excluded SCENARIO - Appium Example Scenario 2:null
20:49:03 total test found: 5
21:49:13 scenario.file.loc[Ljava.lang.String;@6646153
21:49:13 loading feature file: /Users/dineshbalajivenkataraman/Downloads/Quantum-Starter-Kit-master/src/main/resources/scenarios/webSearch.feature
21:49:13 loading feature file: /Users/dineshbalajivenkataraman/Downloads/Quantum-Starter-Kit-master/src/main/resources/scenarios/appiumCalc.feature
21:49:13 Excluded SCENARIO - Appium Example Scenario:null
21:49:13 Excluded SCENARIO - Appium Example Scenario 2:null
21:49:13 total test found: 5
21:49:13 scenario.file.loc[Ljava.lang.String;@35cabb2a
21:49:13 loading feature file: /Users/dineshbalajivenkataraman/Downloads/Quantum-Starter-Kit-master/src/main/resources/scenarios/webSearch.feature
21:49:13 loading feature file: /Users/dineshbalajivenkataraman/Downloads/Quantum-Starter-Kit-master/src/main/resources/scenarios/appiumCalc.feature
21:49:13 Excluded SCENARIO - Appium Example Scenario:null
21:49:13 Excluded SCENARIO - Appium Example Scenario 2:null
21:49:13 total test found: 5
21:54:41 scenario.file.loc[Ljava.lang.String;@1f3f4916
21:54:41 loading feature file: /Users/dineshbalajivenkataraman/Downloads/Quantum-Starter-Kit-master/src/main/resources/scenarios/appiumCalc.feature
21:54:41 total test found: 2
21:54:41 scenario.file.loc[Ljava.lang.String;@4c402120
21:54:41 loading feature file: /Users/dineshbalajivenkataraman/Downloads/Quantum-Starter-Kit-master/src/main/resources/scenarios/appiumCalc.feature
21:54:41 total test found: 2
21:55:42 scenario.file.loc[Ljava.lang.String;@1f3f4916
21:55:42 loading feature file: /Users/dineshbalajivenkataraman/Downloads/Quantum-Starter-Kit-master/src/main/resources/scenarios/appiumCalc.feature
21:55:42 total test found: 2
21:55:42 scenario.file.loc[Ljava.lang.String;@4c402120
21:55:42 loading feature file: /Users/dineshbalajivenkataraman/Downloads/Quantum-Starter-Kit-master/src/main/resources/scenarios/appiumCalc.feature
21:55:42 total test found: 2
21:55:42 

Executing scenario: Appium Example Scenario - 
21:55:42 

Executing scenario: Appium Example Scenario - 
21:55:42 pkg: com.qmetry.qaf.automation.step
21:55:42 pkg: com.qmetry.qaf.automation.step
21:55:42 pkg: com.quantum.steps
21:55:42 pkg: com.quantum.steps
21:55:42 Found duplicate step to load [] with [lower] prority then []
21:55:42 Found duplicate step to load [] with [lower] prority then []
21:55:42 Found duplicate step to load [] with [lower] prority then []
21:55:42 Found duplicate step to load [] with [lower] prority then []
21:55:42 Found duplicate step to load [] with [lower] prority then []
21:55:42 Found duplicate step to load [] with [lower] prority then []
21:55:42 Found duplicate step to load [] with [lower] prority then []
21:55:42 Found duplicate step to load [] with [lower] prority then []
21:55:42 Found duplicate step to load [] with [lower] prority then []
21:55:42 Found duplicate step to load [] with [lower] prority then []
21:55:42 Found duplicate step to load [] with [higher] prority then []
21:55:42 Found duplicate step to load [] with [higher] prority then []
21:55:42 
/**
* Auto-generated code snippet by QMetry Automation Framework.
*/
@QAFTestStep(description="I start application by name {0}")
public void iStartApplicationByName(String str0){
	//TODO: remove NotYetImplementedException and call test steps
	throw new NotYetImplementedException();
}
21:55:42 
/**
* Auto-generated code snippet by QMetry Automation Framework.
*/
@QAFTestStep(description="I start application by name {0}")
public void iStartApplicationByName(String str0){
	//TODO: remove NotYetImplementedException and call test steps
	throw new NotYetImplementedException();
}
21:55:42 Competed scenario: Appium Example Scenario with status FAILURE
21:55:42 Competed scenario: Appium Example Scenario with status FAILURE
21:55:42 

Executing scenario: Appium Example Scenario 2 - 
21:55:42 

Executing scenario: Appium Example Scenario 2 - 
21:55:42 
/**
* Auto-generated code snippet by QMetry Automation Framework.
*/
@QAFTestStep(description="I start application by name {0}")
public void iStartApplicationByName(String str0){
	//TODO: remove NotYetImplementedException and call test steps
	throw new NotYetImplementedException();
}
21:55:42 
/**
* Auto-generated code snippet by QMetry Automation Framework.
*/
@QAFTestStep(description="I start application by name {0}")
public void iStartApplicationByName(String str0){
	//TODO: remove NotYetImplementedException and call test steps
	throw new NotYetImplementedException();
}
21:55:42 Competed scenario: Appium Example Scenario 2 with status FAILURE
21:55:42 Competed scenario: Appium Example Scenario 2 with status FAILURE
21:56:59 scenario.file.loc[Ljava.lang.String;@1f3f4916
21:56:59 loading feature file: /Users/dineshbalajivenkataraman/Downloads/Quantum-Starter-Kit-master/src/main/resources/scenarios/appiumCalc.feature
21:56:59 total test found: 2
21:56:59 scenario.file.loc[Ljava.lang.String;@4c402120
21:56:59 loading feature file: /Users/dineshbalajivenkataraman/Downloads/Quantum-Starter-Kit-master/src/main/resources/scenarios/appiumCalc.feature
21:56:59 total test found: 2
21:56:59 

Executing scenario: Appium Example Scenario - 
21:56:59 

Executing scenario: Appium Example Scenario - 
21:56:59 pkg: com.qmetry.qaf.automation.step
21:56:59 pkg: com.qmetry.qaf.automation.step
21:56:59 pkg: com.quantum.steps
21:56:59 pkg: com.quantum.steps
21:56:59 Found duplicate step to load [] with [lower] prority then []
21:56:59 Found duplicate step to load [] with [lower] prority then []
21:56:59 Found duplicate step to load [] with [lower] prority then []
21:56:59 Found duplicate step to load [] with [lower] prority then []
21:56:59 Found duplicate step to load [] with [lower] prority then []
21:56:59 Found duplicate step to load [] with [lower] prority then []
21:56:59 Found duplicate step to load [] with [lower] prority then []
21:56:59 Found duplicate step to load [] with [lower] prority then []
21:56:59 Found duplicate step to load [] with [lower] prority then []
21:56:59 Found duplicate step to load [] with [lower] prority then []
21:56:59 Found duplicate step to load [] with [higher] prority then []
21:56:59 Found duplicate step to load [] with [higher] prority then []
21:56:59 Invoking Teststep: Given I start application by name "Calculator" with arguments: [Calculator]
21:56:59 Invoking Teststep: Given I start application by name "Calculator" with arguments: [Calculator]
21:57:41 scenario.file.loc[Ljava.lang.String;@1f3f4916
21:57:41 loading feature file: /Users/dineshbalajivenkataraman/Downloads/Quantum-Starter-Kit-master/src/main/resources/scenarios/appiumCalc.feature
21:57:42 total test found: 2
21:57:42 scenario.file.loc[Ljava.lang.String;@4c402120
21:57:42 loading feature file: /Users/dineshbalajivenkataraman/Downloads/Quantum-Starter-Kit-master/src/main/resources/scenarios/appiumCalc.feature
21:57:42 total test found: 2
21:57:42 

Executing scenario: Appium Example Scenario - 
21:57:42 

Executing scenario: Appium Example Scenario - 
21:57:42 pkg: com.qmetry.qaf.automation.step
21:57:42 pkg: com.qmetry.qaf.automation.step
21:57:42 pkg: com.quantum.steps
21:57:42 pkg: com.quantum.steps
21:57:42 Found duplicate step to load [] with [lower] prority then []
21:57:42 Found duplicate step to load [] with [lower] prority then []
21:57:42 Found duplicate step to load [] with [lower] prority then []
21:57:42 Found duplicate step to load [] with [lower] prority then []
21:57:42 Found duplicate step to load [] with [lower] prority then []
21:57:42 Found duplicate step to load [] with [lower] prority then []
21:57:42 Found duplicate step to load [] with [lower] prority then []
21:57:42 Found duplicate step to load [] with [lower] prority then []
21:57:42 Found duplicate step to load [] with [lower] prority then []
21:57:42 Found duplicate step to load [] with [lower] prority then []
21:57:42 Found duplicate step to load [] with [higher] prority then []
21:57:42 Found duplicate step to load [] with [higher] prority then []
21:57:42 Invoking Teststep: Given I start application by name "Calculator" with arguments: [Calculator]
21:57:42 Invoking Teststep: Given I start application by name "Calculator" with arguments: [Calculator]
21:59:08 scenario.file.loc[Ljava.lang.String;@1f3f4916
21:59:09 loading feature file: /Users/dineshbalajivenkataraman/Downloads/Quantum-Starter-Kit-master/src/main/resources/scenarios/appiumCalc.feature
21:59:09 total test found: 2
21:59:09 

Executing scenario: Appium Example Scenario - 
21:59:09 pkg: com.qmetry.qaf.automation.step
21:59:09 pkg: com.quantum.steps
21:59:09 Found duplicate step to load [] with [lower] prority then []
21:59:09 Found duplicate step to load [] with [lower] prority then []
21:59:09 Found duplicate step to load [] with [lower] prority then []
21:59:09 Found duplicate step to load [] with [lower] prority then []
21:59:09 Found duplicate step to load [] with [lower] prority then []
21:59:09 Found duplicate step to load [] with [higher] prority then []
21:59:09 Invoking Teststep: Given I start application by name "Calculator" with arguments: [Calculator]
22:00:56 scenario.file.loc[Ljava.lang.String;@1f3f4916
22:00:56 loading feature file: /Users/dineshbalajivenkataraman/Downloads/Quantum-Starter-Kit-master/src/main/resources/scenarios/appiumCalc.feature
22:00:56 total test found: 2
22:00:57 

Executing scenario: Appium Example Scenario - 
22:00:57 pkg: com.qmetry.qaf.automation.step
22:00:57 pkg: com.quantum.steps
22:00:57 Found duplicate step to load [] with [lower] prority then []
22:00:57 Found duplicate step to load [] with [lower] prority then []
22:00:57 Found duplicate step to load [] with [lower] prority then []
22:00:57 Found duplicate step to load [] with [lower] prority then []
22:00:57 Found duplicate step to load [] with [lower] prority then []
22:00:57 Found duplicate step to load [] with [higher] prority then []
22:00:57 Invoking Teststep: Given I start application by name "Calculator" with arguments: [Calculator]
22:02:50 scenario.file.loc[Ljava.lang.String;@1f3f4916
22:02:50 loading feature file: /Users/dineshbalajivenkataraman/Downloads/Quantum-Starter-Kit-master/src/main/resources/scenarios/appiumCalc.feature
22:02:50 total test found: 2
22:02:50 

Executing scenario: Appium Example Scenario - 
22:02:50 pkg: com.qmetry.qaf.automation.step
22:02:50 pkg: com.quantum.steps
22:02:50 Found duplicate step to load [] with [lower] prority then []
22:02:50 Found duplicate step to load [] with [lower] prority then []
22:02:50 Found duplicate step to load [] with [lower] prority then []
22:02:50 Found duplicate step to load [] with [lower] prority then []
22:02:50 Found duplicate step to load [] with [lower] prority then []
22:02:50 Found duplicate step to load [] with [higher] prority then []
22:02:50 Invoking Teststep: Given I start application by name "Calculator" with arguments: [Calculator]
22:04:39 scenario.file.loc[Ljava.lang.String;@1f3f4916
22:04:39 loading feature file: /Users/dineshbalajivenkataraman/Downloads/Quantum-Starter-Kit-master/src/main/resources/scenarios/appiumCalc.feature
22:04:39 total test found: 2
22:04:39 

Executing scenario: Appium Example Scenario - 
22:04:39 pkg: com.qmetry.qaf.automation.step
22:04:39 pkg: com.quantum.steps
22:04:39 Found duplicate step to load [] with [lower] prority then []
22:04:39 Found duplicate step to load [] with [lower] prority then []
22:04:39 Found duplicate step to load [] with [lower] prority then []
22:04:39 Found duplicate step to load [] with [lower] prority then []
22:04:39 Found duplicate step to load [] with [lower] prority then []
22:04:39 Found duplicate step to load [] with [higher] prority then []
22:04:39 Invoking Teststep: Given I start application by name "Calculator" with arguments: [Calculator]
22:05:48 scenario.file.loc[Ljava.lang.String;@1f3f4916
22:05:48 loading feature file: /Users/dineshbalajivenkataraman/Downloads/Quantum-Starter-Kit-master/src/main/resources/scenarios/appiumCalc.feature
22:05:48 total test found: 2
22:05:48 

Executing scenario: Appium Example Scenario - 
22:05:48 pkg: com.qmetry.qaf.automation.step
22:05:48 pkg: com.quantum.steps
22:05:48 Found duplicate step to load [] with [lower] prority then []
22:05:48 Found duplicate step to load [] with [lower] prority then []
22:05:48 Found duplicate step to load [] with [lower] prority then []
22:05:48 Found duplicate step to load [] with [lower] prority then []
22:05:48 Found duplicate step to load [] with [lower] prority then []
22:05:48 Found duplicate step to load [] with [higher] prority then []
22:05:48 Invoking Teststep: Given I start application by name "Calculator" with arguments: [Calculator]
22:08:23 scenario.file.loc[Ljava.lang.String;@1f3f4916
22:08:23 loading feature file: /Users/dineshbalajivenkataraman/Downloads/Quantum-Starter-Kit-master/src/main/resources/scenarios/appiumCalc.feature
22:08:24 total test found: 2
22:08:24 

Executing scenario: Appium Example Scenario - 
22:08:24 pkg: com.qmetry.qaf.automation.step
22:08:24 pkg: com.quantum.steps
22:08:24 Found duplicate step to load [] with [lower] prority then []
22:08:24 Found duplicate step to load [] with [lower] prority then []
22:08:24 Found duplicate step to load [] with [lower] prority then []
22:08:24 Found duplicate step to load [] with [lower] prority then []
22:08:24 Found duplicate step to load [] with [lower] prority then []
22:08:24 Found duplicate step to load [] with [higher] prority then []
22:08:24 Invoking Teststep: Given I start application by name "Calculator" with arguments: [Calculator]
22:09:52 scenario.file.loc[Ljava.lang.String;@1f3f4916
22:09:52 loading feature file: /Users/dineshbalajivenkataraman/Downloads/Quantum-Starter-Kit-master/src/main/resources/scenarios/appiumCalc.feature
22:09:52 total test found: 2
22:09:52 

Executing scenario: Appium Example Scenario - 
22:09:52 pkg: com.qmetry.qaf.automation.step
22:09:52 pkg: com.quantum.steps
22:09:52 Found duplicate step to load [] with [lower] prority then []
22:09:52 Found duplicate step to load [] with [lower] prority then []
22:09:52 Found duplicate step to load [] with [lower] prority then []
22:09:52 Found duplicate step to load [] with [lower] prority then []
22:09:52 Found duplicate step to load [] with [lower] prority then []
22:09:52 Found duplicate step to load [] with [higher] prority then []
22:09:52 Invoking Teststep: Given I start application by name "Calculator" with arguments: [Calculator]
22:10:52 scenario.file.loc[Ljava.lang.String;@1f3f4916
22:10:52 loading feature file: /Users/dineshbalajivenkataraman/Downloads/Quantum-Starter-Kit-master/src/main/resources/scenarios/appiumCalc.feature
22:10:52 total test found: 2
22:10:53 

Executing scenario: Appium Example Scenario - 
22:10:53 pkg: com.qmetry.qaf.automation.step
22:10:53 pkg: com.quantum.steps
22:10:53 Found duplicate step to load [] with [lower] prority then []
22:10:53 Found duplicate step to load [] with [lower] prority then []
22:10:53 Found duplicate step to load [] with [lower] prority then []
22:10:53 Found duplicate step to load [] with [lower] prority then []
22:10:53 Found duplicate step to load [] with [lower] prority then []
22:10:53 Found duplicate step to load [] with [higher] prority then []
22:10:53 Invoking Teststep: Given I start application by name "Calculator" with arguments: [Calculator]
22:12:29 scenario.file.loc[Ljava.lang.String;@1f3f4916
22:12:29 loading feature file: /Users/dineshbalajivenkataraman/Downloads/Quantum-Starter-Kit-master/src/main/resources/scenarios/appiumCalc.feature
22:12:29 total test found: 2
22:12:29 

Executing scenario: Appium Example Scenario - 
22:12:29 pkg: com.qmetry.qaf.automation.step
22:12:29 pkg: com.quantum.steps
22:12:29 Found duplicate step to load [] with [lower] prority then []
22:12:29 Found duplicate step to load [] with [lower] prority then []
22:12:29 Found duplicate step to load [] with [lower] prority then []
22:12:29 Found duplicate step to load [] with [lower] prority then []
22:12:29 Found duplicate step to load [] with [lower] prority then []
22:12:29 Found duplicate step to load [] with [higher] prority then []
22:12:29 Invoking Teststep: Given I start application by name "Calculator" with arguments: [Calculator]
22:22:06 scenario.file.loc[Ljava.lang.String;@1f3f4916
22:22:06 loading feature file: /Users/dineshbalajivenkataraman/Downloads/Quantum-Starter-Kit-master/src/main/resources/scenarios/appiumCalc.feature
22:22:06 total test found: 2
22:22:06 

Executing scenario: Appium Example Scenario - 
22:22:06 pkg: com.qmetry.qaf.automation.step
22:22:06 pkg: com.quantum.steps
22:22:06 Found duplicate step to load [] with [lower] prority then []
22:22:06 Found duplicate step to load [] with [lower] prority then []
22:22:06 Found duplicate step to load [] with [lower] prority then []
22:22:06 Found duplicate step to load [] with [lower] prority then []
22:22:06 Found duplicate step to load [] with [lower] prority then []
22:22:06 Found duplicate step to load [] with [higher] prority then []
22:22:06 Invoking Teststep: Given I start application by name "Calculator" with arguments: [Calculator]
22:23:18 scenario.file.loc[Ljava.lang.String;@1f3f4916
22:23:18 loading feature file: /Users/dineshbalajivenkataraman/Downloads/Quantum-Starter-Kit-master/src/main/resources/scenarios/appiumCalc.feature
22:23:18 total test found: 2
22:23:18 

Executing scenario: Appium Example Scenario - 
22:23:18 pkg: com.qmetry.qaf.automation.step
22:23:18 pkg: com.quantum.steps
22:23:18 Found duplicate step to load [] with [lower] prority then []
22:23:18 Found duplicate step to load [] with [lower] prority then []
22:23:18 Found duplicate step to load [] with [lower] prority then []
22:23:18 Found duplicate step to load [] with [lower] prority then []
22:23:18 Found duplicate step to load [] with [lower] prority then []
22:23:18 Found duplicate step to load [] with [higher] prority then []
22:23:18 Invoking Teststep: Given I start application by name "Calculator" with arguments: [Calculator]
22:25:43 scenario.file.loc[Ljava.lang.String;@1f3f4916
22:25:43 loading feature file: /Users/dineshbalajivenkataraman/Downloads/Quantum-Starter-Kit-master/src/main/resources/scenarios/appiumCalc.feature
22:25:43 total test found: 2
22:25:43 

Executing scenario: Appium Example Scenario - 
22:25:43 pkg: com.qmetry.qaf.automation.step
22:25:43 pkg: com.quantum.steps
22:25:43 Found duplicate step to load [] with [lower] prority then []
22:25:43 Found duplicate step to load [] with [lower] prority then []
22:25:43 Found duplicate step to load [] with [lower] prority then []
22:25:43 Found duplicate step to load [] with [lower] prority then []
22:25:43 Found duplicate step to load [] with [lower] prority then []
22:25:43 Found duplicate step to load [] with [higher] prority then []
22:25:43 Invoking Teststep: Given I start application by name "Calculator" with arguments: [Calculator]
22:26:53 scenario.file.loc[Ljava.lang.String;@1f3f4916
22:26:53 loading feature file: /Users/dineshbalajivenkataraman/Downloads/Quantum-Starter-Kit-master/src/main/resources/scenarios/appiumCalc.feature
22:26:53 total test found: 2
22:26:53 

Executing scenario: Appium Example Scenario - 
22:26:53 pkg: com.qmetry.qaf.automation.step
22:26:53 pkg: com.quantum.steps
22:26:53 Found duplicate step to load [] with [lower] prority then []
22:26:53 Found duplicate step to load [] with [lower] prority then []
22:26:53 Found duplicate step to load [] with [lower] prority then []
22:26:53 Found duplicate step to load [] with [lower] prority then []
22:26:53 Found duplicate step to load [] with [lower] prority then []
22:26:53 Found duplicate step to load [] with [higher] prority then []
22:26:53 Invoking Teststep: Given I start application by name "Calculator" with arguments: [Calculator]
22:27:49 scenario.file.loc[Ljava.lang.String;@1f3f4916
22:27:49 loading feature file: /Users/dineshbalajivenkataraman/Downloads/Quantum-Starter-Kit-master/src/main/resources/scenarios/appiumCalc.feature
22:27:49 Excluded SCENARIO - Appium Example Scenario:null
22:27:49 Excluded SCENARIO - Appium Example Scenario 2:null
22:27:49 total test found: 0
22:27:49 scenario.file.loc[Ljava.lang.String;@1bb5a082
22:27:49 loading feature file: /Users/dineshbalajivenkataraman/Downloads/Quantum-Starter-Kit-master/src/main/resources/scenarios/appiumCalc.feature
22:27:49 Excluded SCENARIO - Appium Example Scenario:null
22:27:49 Excluded SCENARIO - Appium Example Scenario 2:null
22:27:49 total test found: 0
22:28:11 scenario.file.loc[Ljava.lang.String;@1f3f4916
22:28:11 loading feature file: /Users/dineshbalajivenkataraman/Downloads/Quantum-Starter-Kit-master/src/main/resources/scenarios/appiumCalc.feature
22:28:11 total test found: 2
22:28:11 

Executing scenario: Appium Example Scenario - 
22:28:11 pkg: com.qmetry.qaf.automation.step
22:28:11 pkg: com.quantum.steps
22:28:11 Found duplicate step to load [] with [lower] prority then []
22:28:11 Found duplicate step to load [] with [lower] prority then []
22:28:11 Found duplicate step to load [] with [lower] prority then []
22:28:11 Found duplicate step to load [] with [lower] prority then []
22:28:11 Found duplicate step to load [] with [lower] prority then []
22:28:11 Found duplicate step to load [] with [higher] prority then []
22:28:11 Invoking Teststep: Given I start application by name "Calculator" with arguments: [Calculator]
22:29:07 scenario.file.loc[Ljava.lang.String;@1f3f4916
22:29:07 loading feature file: /Users/dineshbalajivenkataraman/Downloads/Quantum-Starter-Kit-master/src/main/resources/scenarios/appiumCalc.feature
22:29:07 total test found: 2
22:29:07 

Executing scenario: Appium Example Scenario - 
22:29:07 pkg: com.qmetry.qaf.automation.step
22:29:07 pkg: com.quantum.steps
22:29:07 Found duplicate step to load [] with [lower] prority then []
22:29:07 Found duplicate step to load [] with [lower] prority then []
22:29:07 Found duplicate step to load [] with [lower] prority then []
22:29:07 Found duplicate step to load [] with [lower] prority then []
22:29:07 Found duplicate step to load [] with [lower] prority then []
22:29:07 Found duplicate step to load [] with [higher] prority then []
22:29:07 Invoking Teststep: Given I start application by name "Calculator" with arguments: [Calculator]
22:31:14 scenario.file.loc[Ljava.lang.String;@1f3f4916
22:31:14 loading feature file: /Users/dineshbalajivenkataraman/Downloads/Quantum-Starter-Kit-master/src/main/resources/scenarios/appiumCalc.feature
22:31:14 total test found: 2
22:31:15 

Executing scenario: Appium Example Scenario - 
22:31:15 pkg: com.qmetry.qaf.automation.step
22:31:15 pkg: com.quantum.steps
22:31:15 Found duplicate step to load [] with [lower] prority then []
22:31:15 Found duplicate step to load [] with [lower] prority then []
22:31:15 Found duplicate step to load [] with [lower] prority then []
22:31:15 Found duplicate step to load [] with [lower] prority then []
22:31:15 Found duplicate step to load [] with [lower] prority then []
22:31:15 Invoking Teststep: Given I start application by name "Calculator" with arguments: [Calculator]
22:32:15 scenario.file.loc[Ljava.lang.String;@1f3f4916
22:32:15 loading feature file: /Users/dineshbalajivenkataraman/Downloads/Quantum-Starter-Kit-master/src/main/resources/scenarios/appiumCalc.feature
22:32:15 total test found: 2
22:32:15 

Executing scenario: Appium Example Scenario - 
22:32:16 pkg: com.qmetry.qaf.automation.step
22:32:16 pkg: com.quantum.steps
22:32:16 Found duplicate step to load [] with [lower] prority then []
22:32:16 Found duplicate step to load [] with [lower] prority then []
22:32:16 Found duplicate step to load [] with [lower] prority then []
22:32:16 Found duplicate step to load [] with [lower] prority then []
22:32:16 Found duplicate step to load [] with [lower] prority then []
22:32:16 Invoking Teststep: Given I start application by name "Calculator" with arguments: [Calculator]
22:40:44 scenario.file.loc[Ljava.lang.String;@1f3f4916
22:40:44 loading feature file: /Users/dineshbalajivenkataraman/Downloads/Quantum-Starter-Kit-master/src/main/resources/scenarios/appiumCalc.feature
22:40:44 total test found: 2
22:40:44 

Executing scenario: Appium Example Scenario - 
22:40:44 pkg: com.qmetry.qaf.automation.step
22:40:44 pkg: com.quantum.steps
22:40:44 Found duplicate step to load [] with [lower] prority then []
22:40:44 Found duplicate step to load [] with [lower] prority then []
22:40:44 Found duplicate step to load [] with [lower] prority then []
22:40:44 Found duplicate step to load [] with [lower] prority then []
22:40:44 Found duplicate step to load [] with [lower] prority then []
22:40:44 Found duplicate step to load [] with [higher] prority then []
22:40:44 Invoking Teststep: Given I start application by name "Calculator" with arguments: [Calculator]
22:43:55 scenario.file.loc[Ljava.lang.String;@1f3f4916
22:43:55 loading feature file: /Users/dineshbalajivenkataraman/Downloads/Quantum-Starter-Kit-master/src/main/resources/scenarios/appiumCalc.feature
22:43:55 total test found: 2
22:43:55 

Executing scenario: Appium Example Scenario - 
22:43:55 pkg: com.qmetry.qaf.automation.step
22:43:55 pkg: com.quantum.steps
22:43:56 Found duplicate step to load [] with [lower] prority then []
22:43:56 Found duplicate step to load [] with [lower] prority then []
22:43:56 Found duplicate step to load [] with [lower] prority then []
22:43:56 Found duplicate step to load [] with [lower] prority then []
22:43:56 Found duplicate step to load [] with [lower] prority then []
22:43:56 Found duplicate step to load [] with [higher] prority then []
22:43:56 Invoking Teststep: Given I start application by name "Calculator" with arguments: [Calculator]
22:45:03 scenario.file.loc[Ljava.lang.String;@1f3f4916
22:45:03 loading feature file: /Users/dineshbalajivenkataraman/Downloads/Quantum-Starter-Kit-master/src/main/resources/scenarios/appiumCalc.feature
22:45:03 total test found: 2
22:45:03 

Executing scenario: Appium Example Scenario - 
22:45:03 pkg: com.qmetry.qaf.automation.step
22:45:03 pkg: com.quantum.steps
22:45:03 Found duplicate step to load [] with [lower] prority then []
22:45:03 Found duplicate step to load [] with [lower] prority then []
22:45:03 Found duplicate step to load [] with [lower] prority then []
22:45:03 Found duplicate step to load [] with [lower] prority then []
22:45:03 Found duplicate step to load [] with [lower] prority then []
22:45:03 Found duplicate step to load [] with [higher] prority then []
22:45:03 Invoking Teststep: Given I start application by name "Calculator" with arguments: [Calculator]
22:48:29 scenario.file.loc[Ljava.lang.String;@1f3f4916
22:48:29 loading feature file: /Users/dineshbalajivenkataraman/Downloads/Quantum-Starter-Kit-master/src/main/resources/scenarios/appiumCalc.feature
22:48:29 total test found: 2
22:48:29 

Executing scenario: Appium Example Scenario - 
22:48:29 pkg: com.qmetry.qaf.automation.step
22:48:30 pkg: com.quantum.steps
22:48:30 Found duplicate step to load [] with [lower] prority then []
22:48:30 Found duplicate step to load [] with [lower] prority then []
22:48:30 Found duplicate step to load [] with [lower] prority then []
22:48:30 Found duplicate step to load [] with [lower] prority then []
22:48:30 Found duplicate step to load [] with [lower] prority then []
22:48:30 Found duplicate step to load [] with [higher] prority then []
22:48:30 Invoking Teststep: Given I start application by name "Calculator" with arguments: [Calculator]
22:51:51 scenario.file.loc[Ljava.lang.String;@1f3f4916
22:51:51 loading feature file: /Users/dineshbalajivenkataraman/Downloads/Quantum-Starter-Kit-master/src/main/resources/scenarios/appiumCalc.feature
22:51:51 total test found: 2
22:51:52 

Executing scenario: Appium Example Scenario - 
22:51:52 pkg: com.qmetry.qaf.automation.step
22:51:52 pkg: com.quantum.steps
22:51:52 Found duplicate step to load [] with [lower] prority then []
22:51:52 Found duplicate step to load [] with [lower] prority then []
22:51:52 Found duplicate step to load [] with [lower] prority then []
22:51:52 Found duplicate step to load [] with [lower] prority then []
22:51:52 Found duplicate step to load [] with [lower] prority then []
22:51:52 Found duplicate step to load [] with [higher] prority then []
22:51:52 Invoking Teststep: Given I start application by name "Calculator" with arguments: [Calculator]
22:53:33 scenario.file.loc[Ljava.lang.String;@1f3f4916
22:53:33 loading feature file: /Users/dineshbalajivenkataraman/Downloads/Quantum-Starter-Kit-master/src/main/resources/scenarios/appiumCalc.feature
22:53:33 total test found: 2
22:53:33 

Executing scenario: Appium Example Scenario - 
22:53:33 pkg: com.qmetry.qaf.automation.step
22:53:33 pkg: com.quantum.steps
22:53:33 Found duplicate step to load [] with [lower] prority then []
22:53:33 Found duplicate step to load [] with [lower] prority then []
22:53:33 Found duplicate step to load [] with [lower] prority then []
22:53:33 Found duplicate step to load [] with [lower] prority then []
22:53:33 Found duplicate step to load [] with [lower] prority then []
22:53:33 Found duplicate step to load [] with [higher] prority then []
22:53:33 Invoking Teststep: Given I start application by name "Calculator" with arguments: [Calculator]
22:56:20 scenario.file.loc[Ljava.lang.String;@1f3f4916
22:56:20 loading feature file: /Users/dineshbalajivenkataraman/Downloads/Quantum-Starter-Kit-master/src/main/resources/scenarios/appiumCalc.feature
22:56:20 total test found: 2
22:56:20 

Executing scenario: Appium Example Scenario - 
22:56:20 pkg: com.qmetry.qaf.automation.step
22:56:20 pkg: com.quantum.steps
22:56:20 Found duplicate step to load [] with [lower] prority then []
22:56:20 Found duplicate step to load [] with [lower] prority then []
22:56:20 Found duplicate step to load [] with [lower] prority then []
22:56:20 Found duplicate step to load [] with [lower] prority then []
22:56:20 Found duplicate step to load [] with [lower] prority then []
22:56:20 Found duplicate step to load [] with [higher] prority then []
22:56:20 Invoking Teststep: Given I start application by name "Calculator" with arguments: [Calculator]
22:56:44 scenario.file.loc[Ljava.lang.String;@1f3f4916
22:56:44 loading feature file: /Users/dineshbalajivenkataraman/Downloads/Quantum-Starter-Kit-master/src/main/resources/scenarios/appiumCalc.feature
22:56:44 total test found: 2
22:56:44 

Executing scenario: Appium Example Scenario - 
22:56:44 pkg: com.qmetry.qaf.automation.step
22:56:44 pkg: com.quantum.steps
22:56:44 Found duplicate step to load [] with [lower] prority then []
22:56:44 Found duplicate step to load [] with [lower] prority then []
22:56:44 Found duplicate step to load [] with [lower] prority then []
22:56:44 Found duplicate step to load [] with [lower] prority then []
22:56:44 Found duplicate step to load [] with [lower] prority then []
22:56:44 Found duplicate step to load [] with [higher] prority then []
22:56:44 Invoking Teststep: Given I start application by name "Calculator" with arguments: [Calculator]
22:56:54 Failure Teststep: Given I start application by name "Calculator" with arguments: [Calculator]
com.qmetry.qaf.automation.core.AutomationError: Timed out after 6 seconds: Unable to create driver instance in 2nd attempt with retry timeout of 6 seconds. You can check/set value of 'driver.init.retry.timeout' appropriately to set retry timeout on driver initialization failure.
Unterminated object at line 1 column 41 path $.
	at com.google.gson.stream.JsonReader.syntaxError(JsonReader.java:1559)
	at com.google.gson.stream.JsonReader.doPeek(JsonReader.java:491)
	at com.google.gson.stream.JsonReader.hasNext(JsonReader.java:414)
	at com.google.gson.internal.bind.MapTypeAdapterFactory$Adapter.read(MapTypeAdapterFactory.java:184)
	at com.google.gson.internal.bind.MapTypeAdapterFactory$Adapter.read(MapTypeAdapterFactory.java:145)
	at com.google.gson.Gson.fromJson(Gson.java:887)
	at com.google.gson.Gson.fromJson(Gson.java:852)
	at com.google.gson.Gson.fromJson(Gson.java:801)
	at com.google.gson.Gson.fromJson(Gson.java:773)
	at com.qmetry.qaf.automation.ui.UiDriverFactory$Browsers.getDesiredCapabilities(UiDriverFactory.java:361)
	at com.qmetry.qaf.automation.ui.UiDriverFactory$Browsers.access$3(UiDriverFactory.java:345)
	at com.qmetry.qaf.automation.ui.UiDriverFactory.getDriver(UiDriverFactory.java:219)
	at com.qmetry.qaf.automation.ui.UiDriverFactory.get(UiDriverFactory.java:94)
	at com.qmetry.qaf.automation.core.QAFTestBase$DriverInitExpectedCondition.apply(QAFTestBase.java:564)
	at com.qmetry.qaf.automation.core.QAFTestBase$DriverInitExpectedCondition.apply(QAFTestBase.java:1)
	at org.openqa.selenium.support.ui.FluentWait.until(FluentWait.java:238)
	at com.qmetry.qaf.automation.core.QAFTestBase.init(QAFTestBase.java:474)
	at com.qmetry.qaf.automation.core.QAFTestBase.getUiDriver(QAFTestBase.java:254)
	at com.qmetry.qaf.automation.ui.WebDriverTestBase.getDriver(WebDriverTestBase.java:47)
	at com.quantum.steps.CalcStepsDefs.i_start_application_by_name(CalcStepsDefs.java:30)
	at sun.reflect.NativeMethodAccessorImpl.invoke0(Native Method)
	at sun.reflect.NativeMethodAccessorImpl.invoke(NativeMethodAccessorImpl.java:62)
	at sun.reflect.DelegatingMethodAccessorImpl.invoke(DelegatingMethodAccessorImpl.java:43)
	at java.lang.reflect.Method.invoke(Method.java:497)
	at com.qmetry.qaf.automation.step.JavaStep.doExecute(JavaStep.java:159)
	at com.qmetry.qaf.automation.step.BaseTestStep.execute(BaseTestStep.java:149)
	at com.qmetry.qaf.automation.step.StringTestStep.execute(StringTestStep.java:134)
	at com.qmetry.qaf.automation.step.client.Scenario.execute(Scenario.java:173)
	at com.qmetry.qaf.automation.step.client.Scenario.scenario(Scenario.java:225)
	at sun.reflect.NativeMethodAccessorImpl.invoke0(Native Method)
	at sun.reflect.NativeMethodAccessorImpl.invoke(NativeMethodAccessorImpl.java:62)
	at sun.reflect.DelegatingMethodAccessorImpl.invoke(DelegatingMethodAccessorImpl.java:43)
	at java.lang.reflect.Method.invoke(Method.java:497)
	at org.testng.internal.MethodInvocationHelper.invokeMethod(MethodInvocationHelper.java:104)
	at org.testng.internal.Invoker.invokeMethod(Invoker.java:645)
	at org.testng.internal.Invoker.invokeTestMethod(Invoker.java:851)
	at org.testng.internal.Invoker.invokeTestMethods(Invoker.java:1177)
	at org.testng.internal.TestMethodWorker.invokeTestMethods(TestMethodWorker.java:129)
	at org.testng.internal.TestMethodWorker.run(TestMethodWorker.java:112)
	at org.testng.TestRunner.privateRun(TestRunner.java:781)
	at org.testng.TestRunner.run(TestRunner.java:635)
	at org.testng.SuiteRunner.runTest(SuiteRunner.java:387)
	at org.testng.SuiteRunner.access$000(SuiteRunner.java:39)
	at org.testng.SuiteRunner$SuiteWorker.run(SuiteRunner.java:421)
	at org.testng.internal.thread.ThreadUtil$2.call(ThreadUtil.java:64)
	at java.util.concurrent.FutureTask.run(FutureTask.java:266)
	at java.util.concurrent.ThreadPoolExecutor.runWorker(ThreadPoolExecutor.java:1142)
	at java.util.concurrent.ThreadPoolExecutor$Worker.run(ThreadPoolExecutor.java:617)
	at java.lang.Thread.run(Thread.java:745)
22:56:54 Completed Teststep: Given I start application by name "Calculator" with arguments: [Calculator]
22:56:54 Competed scenario: Appium Example Scenario with status FAILURE
22:56:54 

Executing scenario: Appium Example Scenario 2 - 
22:56:54 Invoking Teststep: Given I start application by name "Calculator" with arguments: [Calculator]
22:57:04 Failure Teststep: Given I start application by name "Calculator" with arguments: [Calculator]
com.qmetry.qaf.automation.core.AutomationError: Timed out after 6 seconds: Unable to create driver instance in 2nd attempt with retry timeout of 6 seconds. You can check/set value of 'driver.init.retry.timeout' appropriately to set retry timeout on driver initialization failure.
Unterminated object at line 1 column 41 path $.
	at com.google.gson.stream.JsonReader.syntaxError(JsonReader.java:1559)
	at com.google.gson.stream.JsonReader.doPeek(JsonReader.java:491)
	at com.google.gson.stream.JsonReader.hasNext(JsonReader.java:414)
	at com.google.gson.internal.bind.MapTypeAdapterFactory$Adapter.read(MapTypeAdapterFactory.java:184)
	at com.google.gson.internal.bind.MapTypeAdapterFactory$Adapter.read(MapTypeAdapterFactory.java:145)
	at com.google.gson.Gson.fromJson(Gson.java:887)
	at com.google.gson.Gson.fromJson(Gson.java:852)
	at com.google.gson.Gson.fromJson(Gson.java:801)
	at com.google.gson.Gson.fromJson(Gson.java:773)
	at com.qmetry.qaf.automation.ui.UiDriverFactory$Browsers.getDesiredCapabilities(UiDriverFactory.java:361)
	at com.qmetry.qaf.automation.ui.UiDriverFactory$Browsers.access$3(UiDriverFactory.java:345)
	at com.qmetry.qaf.automation.ui.UiDriverFactory.getDriver(UiDriverFactory.java:219)
	at com.qmetry.qaf.automation.ui.UiDriverFactory.get(UiDriverFactory.java:94)
	at com.qmetry.qaf.automation.core.QAFTestBase$DriverInitExpectedCondition.apply(QAFTestBase.java:564)
	at com.qmetry.qaf.automation.core.QAFTestBase$DriverInitExpectedCondition.apply(QAFTestBase.java:1)
	at org.openqa.selenium.support.ui.FluentWait.until(FluentWait.java:238)
	at com.qmetry.qaf.automation.core.QAFTestBase.init(QAFTestBase.java:474)
	at com.qmetry.qaf.automation.core.QAFTestBase.getUiDriver(QAFTestBase.java:254)
	at com.qmetry.qaf.automation.ui.WebDriverTestBase.getDriver(WebDriverTestBase.java:47)
	at com.quantum.steps.CalcStepsDefs.i_start_application_by_name(CalcStepsDefs.java:30)
	at sun.reflect.NativeMethodAccessorImpl.invoke0(Native Method)
	at sun.reflect.NativeMethodAccessorImpl.invoke(NativeMethodAccessorImpl.java:62)
	at sun.reflect.DelegatingMethodAccessorImpl.invoke(DelegatingMethodAccessorImpl.java:43)
	at java.lang.reflect.Method.invoke(Method.java:497)
	at com.qmetry.qaf.automation.step.JavaStep.doExecute(JavaStep.java:159)
	at com.qmetry.qaf.automation.step.BaseTestStep.execute(BaseTestStep.java:149)
	at com.qmetry.qaf.automation.step.StringTestStep.execute(StringTestStep.java:134)
	at com.qmetry.qaf.automation.step.client.Scenario.execute(Scenario.java:173)
	at com.qmetry.qaf.automation.step.client.Scenario.scenario(Scenario.java:225)
	at sun.reflect.NativeMethodAccessorImpl.invoke0(Native Method)
	at sun.reflect.NativeMethodAccessorImpl.invoke(NativeMethodAccessorImpl.java:62)
	at sun.reflect.DelegatingMethodAccessorImpl.invoke(DelegatingMethodAccessorImpl.java:43)
	at java.lang.reflect.Method.invoke(Method.java:497)
	at org.testng.internal.MethodInvocationHelper.invokeMethod(MethodInvocationHelper.java:104)
	at org.testng.internal.Invoker.invokeMethod(Invoker.java:645)
	at org.testng.internal.Invoker.invokeTestMethod(Invoker.java:851)
	at org.testng.internal.Invoker.invokeTestMethods(Invoker.java:1177)
	at org.testng.internal.TestMethodWorker.invokeTestMethods(TestMethodWorker.java:129)
	at org.testng.internal.TestMethodWorker.run(TestMethodWorker.java:112)
	at org.testng.TestRunner.privateRun(TestRunner.java:781)
	at org.testng.TestRunner.run(TestRunner.java:635)
	at org.testng.SuiteRunner.runTest(SuiteRunner.java:387)
	at org.testng.SuiteRunner.access$000(SuiteRunner.java:39)
	at org.testng.SuiteRunner$SuiteWorker.run(SuiteRunner.java:421)
	at org.testng.internal.thread.ThreadUtil$2.call(ThreadUtil.java:64)
	at java.util.concurrent.FutureTask.run(FutureTask.java:266)
	at java.util.concurrent.ThreadPoolExecutor.runWorker(ThreadPoolExecutor.java:1142)
	at java.util.concurrent.ThreadPoolExecutor$Worker.run(ThreadPoolExecutor.java:617)
	at java.lang.Thread.run(Thread.java:745)
22:57:04 Completed Teststep: Given I start application by name "Calculator" with arguments: [Calculator]
22:57:04 Competed scenario: Appium Example Scenario 2 with status FAILURE
22:59:35 scenario.file.loc[Ljava.lang.String;@1f3f4916
22:59:35 loading feature file: /Users/dineshbalajivenkataraman/Downloads/Quantum-Starter-Kit-master/src/main/resources/scenarios/appiumCalc.feature
22:59:35 total test found: 2
22:59:35 

Executing scenario: Appium Example Scenario - 
22:59:35 pkg: com.qmetry.qaf.automation.step
22:59:35 pkg: com.quantum.steps
22:59:35 Found duplicate step to load [] with [lower] prority then []
22:59:35 Found duplicate step to load [] with [lower] prority then []
22:59:35 Found duplicate step to load [] with [lower] prority then []
22:59:35 Found duplicate step to load [] with [lower] prority then []
22:59:35 Found duplicate step to load [] with [lower] prority then []
22:59:35 Found duplicate step to load [] with [higher] prority then []
22:59:35 Invoking Teststep: Given I start application by name "Calculator" with arguments: [Calculator]
23:02:32 scenario.file.loc[Ljava.lang.String;@1f3f4916
23:02:32 loading feature file: /Users/dineshbalajivenkataraman/Downloads/Quantum-Starter-Kit-master/src/main/resources/scenarios/appiumCalc.feature
23:02:32 total test found: 2
23:02:32 

Executing scenario: Appium Example Scenario - 
23:02:32 pkg: com.qmetry.qaf.automation.step
23:02:32 pkg: com.quantum.steps
23:02:32 Found duplicate step to load [] with [lower] prority then []
23:02:32 Found duplicate step to load [] with [lower] prority then []
23:02:32 Found duplicate step to load [] with [lower] prority then []
23:02:32 Found duplicate step to load [] with [lower] prority then []
23:02:32 Found duplicate step to load [] with [lower] prority then []
23:02:32 Found duplicate step to load [] with [higher] prority then []
23:02:32 Invoking Teststep: Given I start application by name "Calculator" with arguments: [Calculator]
23:02:38 Completed Teststep: Given I start application by name "Calculator" with arguments: [Calculator]
23:02:38 Invoking Teststep: And I am using an AppiumDriver
23:02:38 Completed Teststep: And I am using an AppiumDriver
23:02:38 Invoking Teststep: When clear Calculator
23:02:54 Failure Teststep: When clear Calculator
org.openqa.selenium.TimeoutException: Timed out after 15 seconds waiting for presence of element located by: By.id: com.sec.android.app.popupcalculator:id/bt_clear
Build info: version: '2.53.1', revision: 'a36b8b1cd5757287168e54b817830adce9b0158d', time: '2016-06-30 19:26:09'
System info: host: 'Bingo', ip: '192.168.1.3', os.name: 'Mac OS X', os.arch: 'x86_64', os.version: '10.13.4', java.version: '1.8.0_60'
Driver info: driver.version: QAFExtendedWebDriver
	at org.openqa.selenium.support.ui.FluentWait.timeoutException(FluentWait.java:292)
	at org.openqa.selenium.support.ui.FluentWait.until(FluentWait.java:261)
	at com.qmetry.qaf.automation.ui.webdriver.QAFExtendedWebDriver.load(QAFExtendedWebDriver.java:216)
	at com.qmetry.qaf.automation.ui.webdriver.QAFExtendedWebElement.load(QAFExtendedWebElement.java:299)
	at com.qmetry.qaf.automation.ui.webdriver.QAFExtendedWebElement.execute(QAFExtendedWebElement.java:250)
	at org.openqa.selenium.remote.RemoteWebElement.click(RemoteWebElement.java:85)
	at com.quantum.steps.CalcStepsDefs.clearCalculator(CalcStepsDefs.java:37)
	at sun.reflect.NativeMethodAccessorImpl.invoke0(Native Method)
	at sun.reflect.NativeMethodAccessorImpl.invoke(NativeMethodAccessorImpl.java:62)
	at sun.reflect.DelegatingMethodAccessorImpl.invoke(DelegatingMethodAccessorImpl.java:43)
	at java.lang.reflect.Method.invoke(Method.java:497)
	at com.qmetry.qaf.automation.step.JavaStep.doExecute(JavaStep.java:159)
	at com.qmetry.qaf.automation.step.BaseTestStep.execute(BaseTestStep.java:149)
	at com.qmetry.qaf.automation.step.StringTestStep.execute(StringTestStep.java:134)
	at com.qmetry.qaf.automation.step.client.Scenario.execute(Scenario.java:173)
	at com.qmetry.qaf.automation.step.client.Scenario.scenario(Scenario.java:225)
	at sun.reflect.NativeMethodAccessorImpl.invoke0(Native Method)
	at sun.reflect.NativeMethodAccessorImpl.invoke(NativeMethodAccessorImpl.java:62)
	at sun.reflect.DelegatingMethodAccessorImpl.invoke(DelegatingMethodAccessorImpl.java:43)
	at java.lang.reflect.Method.invoke(Method.java:497)
	at org.testng.internal.MethodInvocationHelper.invokeMethod(MethodInvocationHelper.java:104)
	at org.testng.internal.Invoker.invokeMethod(Invoker.java:645)
	at org.testng.internal.Invoker.invokeTestMethod(Invoker.java:851)
	at org.testng.internal.Invoker.invokeTestMethods(Invoker.java:1177)
	at org.testng.internal.TestMethodWorker.invokeTestMethods(TestMethodWorker.java:129)
	at org.testng.internal.TestMethodWorker.run(TestMethodWorker.java:112)
	at org.testng.TestRunner.privateRun(TestRunner.java:781)
	at org.testng.TestRunner.run(TestRunner.java:635)
	at org.testng.SuiteRunner.runTest(SuiteRunner.java:387)
	at org.testng.SuiteRunner.access$000(SuiteRunner.java:39)
	at org.testng.SuiteRunner$SuiteWorker.run(SuiteRunner.java:421)
	at org.testng.internal.thread.ThreadUtil$2.call(ThreadUtil.java:64)
	at java.util.concurrent.FutureTask.run(FutureTask.java:266)
	at java.util.concurrent.ThreadPoolExecutor.runWorker(ThreadPoolExecutor.java:1142)
	at java.util.concurrent.ThreadPoolExecutor$Worker.run(ThreadPoolExecutor.java:617)
	at java.lang.Thread.run(Thread.java:745)
Caused by: org.openqa.selenium.NoSuchElementException: An element could not be located on the page using the given search parameters. (WARNING: The server did not provide any stacktrace information)
Command duration or timeout: 51 milliseconds
For documentation on this error, please visit: http://seleniumhq.org/exceptions/no_such_element.html
Build info: version: '2.53.1', revision: 'a36b8b1cd5757287168e54b817830adce9b0158d', time: '2016-06-30 19:26:09'
System info: host: 'Bingo', ip: '192.168.1.3', os.name: 'Mac OS X', os.arch: 'x86_64', os.version: '10.13.4', java.version: '1.8.0_60'
Driver info: com.qmetry.qaf.automation.ui.webdriver.QAFExtendedWebDriver
Capabilities [{appPackage=com.android.calculator2, deviceScreenSize=1080x1920, networkConnectionEnabled=true, warnings={}, databaseEnabled=false, deviceName=emulator-5554, platform=LINUX, deviceUDID=emulator-5554, appActivity=Calculator, desired={appActivity=Calculator, appPackage=com.android.calculator2, driverClass=io.appium.java_client.android.AndroidDriver, automationName=Appium, takesScreenshot=true, javascriptEnabled=true, platformName=Android, deviceName=Nexus 5X API 24, cssSelectorsEnabled=true}, driverClass=io.appium.java_client.android.AndroidDriver, platformVersion=7.0, webStorageEnabled=false, locationContextEnabled=false, automationName=Appium, takesScreenshot=true, javascriptEnabled=true, deviceModel=Android SDK built for x86, platformName=Android, deviceManufacturer=Google, cssSelectorsEnabled=true}]
Session ID: 07c996ef-1c6c-4472-93c2-9e7984317dae
*** Element info: {Using=id, value=com.sec.android.app.popupcalculator:id/bt_clear}
	at sun.reflect.NativeConstructorAccessorImpl.newInstance0(Native Method)
	at sun.reflect.NativeConstructorAccessorImpl.newInstance(NativeConstructorAccessorImpl.java:62)
	at sun.reflect.DelegatingConstructorAccessorImpl.newInstance(DelegatingConstructorAccessorImpl.java:45)
	at java.lang.reflect.Constructor.newInstance(Constructor.java:422)
	at org.openqa.selenium.remote.ErrorHandler.createThrowable(ErrorHandler.java:206)
	at org.openqa.selenium.remote.ErrorHandler.throwIfResponseFailed(ErrorHandler.java:158)
	at org.openqa.selenium.remote.RemoteWebDriver.execute(RemoteWebDriver.java:678)
	at com.qmetry.qaf.automation.ui.webdriver.QAFExtendedWebDriver.execute(QAFExtendedWebDriver.java:236)
	at org.openqa.selenium.remote.RemoteWebDriver.findElement(RemoteWebDriver.java:363)
	at org.openqa.selenium.remote.RemoteWebDriver.findElementById(RemoteWebDriver.java:413)
	at com.qmetry.qaf.automation.ui.webdriver.QAFExtendedWebDriver.findElementById(QAFExtendedWebDriver.java:375)
	at com.qmetry.qaf.automation.ui.webdriver.QAFExtendedWebDriver.findElementById(QAFExtendedWebDriver.java:1)
	at org.openqa.selenium.By$ById.findElement(By.java:218)
	at org.openqa.selenium.remote.RemoteWebDriver.findElement(RemoteWebDriver.java:355)
	at com.qmetry.qaf.automation.ui.webdriver.QAFExtendedWebDriver.findElement(QAFExtendedWebDriver.java:171)
	at com.qmetry.qaf.automation.ui.webdriver.QAFExtendedWebDriver.findElement(QAFExtendedWebDriver.java:1)
	at org.openqa.selenium.support.ui.ExpectedConditions.findElement(ExpectedConditions.java:899)
	at org.openqa.selenium.support.ui.ExpectedConditions.access$000(ExpectedConditions.java:41)
	at org.openqa.selenium.support.ui.ExpectedConditions$6.apply(ExpectedConditions.java:181)
	at org.openqa.selenium.support.ui.ExpectedConditions$6.apply(ExpectedConditions.java:178)
	at org.openqa.selenium.support.ui.FluentWait.until(FluentWait.java:238)
	... 34 more
23:02:54 Completed Teststep: When clear Calculator
23:02:54 Competed scenario: Appium Example Scenario with status FAILURE
23:02:56 

Executing scenario: Appium Example Scenario 2 - 
23:02:56 Invoking Teststep: Given I start application by name "Calculator" with arguments: [Calculator]
23:02:56 Completed Teststep: Given I start application by name "Calculator" with arguments: [Calculator]
23:02:56 Invoking Teststep: And I am using an AppiumDriver
23:02:56 Completed Teststep: And I am using an AppiumDriver
23:02:56 Invoking Teststep: When clear Calculator
23:03:12 Failure Teststep: When clear Calculator
org.openqa.selenium.TimeoutException: Timed out after 15 seconds waiting for presence of element located by: By.id: com.sec.android.app.popupcalculator:id/bt_clear
Build info: version: '2.53.1', revision: 'a36b8b1cd5757287168e54b817830adce9b0158d', time: '2016-06-30 19:26:09'
System info: host: 'Bingo', ip: '192.168.1.3', os.name: 'Mac OS X', os.arch: 'x86_64', os.version: '10.13.4', java.version: '1.8.0_60'
Driver info: driver.version: QAFExtendedWebDriver
	at org.openqa.selenium.support.ui.FluentWait.timeoutException(FluentWait.java:292)
	at org.openqa.selenium.support.ui.FluentWait.until(FluentWait.java:261)
	at com.qmetry.qaf.automation.ui.webdriver.QAFExtendedWebDriver.load(QAFExtendedWebDriver.java:216)
	at com.qmetry.qaf.automation.ui.webdriver.QAFExtendedWebElement.load(QAFExtendedWebElement.java:299)
	at com.qmetry.qaf.automation.ui.webdriver.QAFExtendedWebElement.execute(QAFExtendedWebElement.java:250)
	at org.openqa.selenium.remote.RemoteWebElement.click(RemoteWebElement.java:85)
	at com.quantum.steps.CalcStepsDefs.clearCalculator(CalcStepsDefs.java:37)
	at sun.reflect.NativeMethodAccessorImpl.invoke0(Native Method)
	at sun.reflect.NativeMethodAccessorImpl.invoke(NativeMethodAccessorImpl.java:62)
	at sun.reflect.DelegatingMethodAccessorImpl.invoke(DelegatingMethodAccessorImpl.java:43)
	at java.lang.reflect.Method.invoke(Method.java:497)
	at com.qmetry.qaf.automation.step.JavaStep.doExecute(JavaStep.java:159)
	at com.qmetry.qaf.automation.step.BaseTestStep.execute(BaseTestStep.java:149)
	at com.qmetry.qaf.automation.step.StringTestStep.execute(StringTestStep.java:134)
	at com.qmetry.qaf.automation.step.client.Scenario.execute(Scenario.java:173)
	at com.qmetry.qaf.automation.step.client.Scenario.scenario(Scenario.java:225)
	at sun.reflect.NativeMethodAccessorImpl.invoke0(Native Method)
	at sun.reflect.NativeMethodAccessorImpl.invoke(NativeMethodAccessorImpl.java:62)
	at sun.reflect.DelegatingMethodAccessorImpl.invoke(DelegatingMethodAccessorImpl.java:43)
	at java.lang.reflect.Method.invoke(Method.java:497)
	at org.testng.internal.MethodInvocationHelper.invokeMethod(MethodInvocationHelper.java:104)
	at org.testng.internal.Invoker.invokeMethod(Invoker.java:645)
	at org.testng.internal.Invoker.invokeTestMethod(Invoker.java:851)
	at org.testng.internal.Invoker.invokeTestMethods(Invoker.java:1177)
	at org.testng.internal.TestMethodWorker.invokeTestMethods(TestMethodWorker.java:129)
	at org.testng.internal.TestMethodWorker.run(TestMethodWorker.java:112)
	at org.testng.TestRunner.privateRun(TestRunner.java:781)
	at org.testng.TestRunner.run(TestRunner.java:635)
	at org.testng.SuiteRunner.runTest(SuiteRunner.java:387)
	at org.testng.SuiteRunner.access$000(SuiteRunner.java:39)
	at org.testng.SuiteRunner$SuiteWorker.run(SuiteRunner.java:421)
	at org.testng.internal.thread.ThreadUtil$2.call(ThreadUtil.java:64)
	at java.util.concurrent.FutureTask.run(FutureTask.java:266)
	at java.util.concurrent.ThreadPoolExecutor.runWorker(ThreadPoolExecutor.java:1142)
	at java.util.concurrent.ThreadPoolExecutor$Worker.run(ThreadPoolExecutor.java:617)
	at java.lang.Thread.run(Thread.java:745)
Caused by: org.openqa.selenium.NoSuchElementException: An element could not be located on the page using the given search parameters. (WARNING: The server did not provide any stacktrace information)
Command duration or timeout: 22 milliseconds
For documentation on this error, please visit: http://seleniumhq.org/exceptions/no_such_element.html
Build info: version: '2.53.1', revision: 'a36b8b1cd5757287168e54b817830adce9b0158d', time: '2016-06-30 19:26:09'
System info: host: 'Bingo', ip: '192.168.1.3', os.name: 'Mac OS X', os.arch: 'x86_64', os.version: '10.13.4', java.version: '1.8.0_60'
Driver info: com.qmetry.qaf.automation.ui.webdriver.QAFExtendedWebDriver
Capabilities [{appPackage=com.android.calculator2, deviceScreenSize=1080x1920, networkConnectionEnabled=true, warnings={}, databaseEnabled=false, deviceName=emulator-5554, platform=LINUX, deviceUDID=emulator-5554, appActivity=Calculator, desired={appActivity=Calculator, appPackage=com.android.calculator2, driverClass=io.appium.java_client.android.AndroidDriver, automationName=Appium, takesScreenshot=true, javascriptEnabled=true, platformName=Android, deviceName=Nexus 5X API 24, cssSelectorsEnabled=true}, driverClass=io.appium.java_client.android.AndroidDriver, platformVersion=7.0, webStorageEnabled=false, locationContextEnabled=false, automationName=Appium, takesScreenshot=true, javascriptEnabled=true, deviceModel=Android SDK built for x86, platformName=Android, deviceManufacturer=Google, cssSelectorsEnabled=true}]
Session ID: 07c996ef-1c6c-4472-93c2-9e7984317dae
*** Element info: {Using=id, value=com.sec.android.app.popupcalculator:id/bt_clear}
	at sun.reflect.GeneratedConstructorAccessor15.newInstance(Unknown Source)
	at sun.reflect.DelegatingConstructorAccessorImpl.newInstance(DelegatingConstructorAccessorImpl.java:45)
	at java.lang.reflect.Constructor.newInstance(Constructor.java:422)
	at org.openqa.selenium.remote.ErrorHandler.createThrowable(ErrorHandler.java:206)
	at org.openqa.selenium.remote.ErrorHandler.throwIfResponseFailed(ErrorHandler.java:158)
	at org.openqa.selenium.remote.RemoteWebDriver.execute(RemoteWebDriver.java:678)
	at com.qmetry.qaf.automation.ui.webdriver.QAFExtendedWebDriver.execute(QAFExtendedWebDriver.java:236)
	at org.openqa.selenium.remote.RemoteWebDriver.findElement(RemoteWebDriver.java:363)
	at org.openqa.selenium.remote.RemoteWebDriver.findElementById(RemoteWebDriver.java:413)
	at com.qmetry.qaf.automation.ui.webdriver.QAFExtendedWebDriver.findElementById(QAFExtendedWebDriver.java:375)
	at com.qmetry.qaf.automation.ui.webdriver.QAFExtendedWebDriver.findElementById(QAFExtendedWebDriver.java:1)
	at org.openqa.selenium.By$ById.findElement(By.java:218)
	at org.openqa.selenium.remote.RemoteWebDriver.findElement(RemoteWebDriver.java:355)
	at com.qmetry.qaf.automation.ui.webdriver.QAFExtendedWebDriver.findElement(QAFExtendedWebDriver.java:171)
	at com.qmetry.qaf.automation.ui.webdriver.QAFExtendedWebDriver.findElement(QAFExtendedWebDriver.java:1)
	at org.openqa.selenium.support.ui.ExpectedConditions.findElement(ExpectedConditions.java:899)
	at org.openqa.selenium.support.ui.ExpectedConditions.access$000(ExpectedConditions.java:41)
	at org.openqa.selenium.support.ui.ExpectedConditions$6.apply(ExpectedConditions.java:181)
	at org.openqa.selenium.support.ui.ExpectedConditions$6.apply(ExpectedConditions.java:178)
	at org.openqa.selenium.support.ui.FluentWait.until(FluentWait.java:238)
	... 34 more
23:03:12 Completed Teststep: When clear Calculator
23:03:12 Competed scenario: Appium Example Scenario 2 with status FAILURE
