<!DOCTYPE html PUBLIC "-//W3C//DTD XHTML 1.1//EN" "http://www.w3.org/TR/xhtml11/DTD/xhtml11.dtd">
<html xmlns="http://www.w3.org/1999/xhtml"><head><title>TestNG Report</title><style type="text/css">table {margin-bottom:10px;border-collapse:collapse;empty-cells:show}th,td {border:1px solid #009;padding:.25em .5em}th {vertical-align:bottom}td {vertical-align:top}table a {font-weight:bold}.stripe td {background-color: #E6EBF9}.num {text-align:right}.passedodd td {background-color: #3F3}.passedeven td {background-color: #0A0}.skippedodd td {background-color: #DDD}.skippedeven td {background-color: #CCC}.failedodd td,.attn {background-color: #F33}.failedeven td,.stripe .attn {background-color: #D00}.stacktrace {white-space:pre;font-family:monospace}.totop {font-size:85%;text-align:center;border-bottom:2px solid #000}</style></head><body><table><tr><th>Test</th><th># Passed</th><th># Skipped</th><th># Failed</th><th>Time (ms)</th><th>Included Groups</th><th>Excluded Groups</th></tr><tr><th colspan="7">Appium Demo Suite</th></tr><tr><td><a href="#t0">Android Calc Test</a></td><td class="num">0</td><td class="num">0</td><td class="num attn">2</td><td class="num">41,598</td><td>@appium</td><td></td></tr></table><table><thead><tr><th>Class</th><th>Method</th><th>Start</th><th>Time (ms)</th></tr></thead><tbody><tr><th colspan="4">Appium Demo Suite</th></tr></tbody><tbody id="t0"><tr><th colspan="4">Android Calc Test &#8212; failed</th></tr><tr class="failedeven"><td rowspan="2">com.qmetry.qaf.automation.step.client.Scenario</td><td><a href="#m0">Appium Example Scenario</a></td><td rowspan="1">1524020552659</td><td rowspan="1">22038</td></tr><tr class="failedeven"><td><a href="#m1">Appium Example Scenario 2</a></td><td rowspan="1">1524020576019</td><td rowspan="1">16097</td></tr></tbody></table><h2>Android Calc Test</h2><h3 id="m0">com.qmetry.qaf.automation.step.client.Scenario#Appium Example Scenario</h3><table class="result"><tr><th>Messages</th></tr><tr><td><div class="messages">█▀▀▀▀▀▀▀▀▀▀▀▀▀▀▀▀▀▀▀▀▀▀▀▀▀▀▀▀▀▀▀▀▀▀▀▀▀▀▀█<br/>█ TEST STARTED: Appium Example Scenario █<br/>█▄▄▄▄▄▄▄▄▄▄▄▄▄▄▄▄▄▄▄▄▄▄▄▄▄▄▄▄▄▄▄▄▄▄▄▄▄▄▄█<br/>▄ ▄ ▄ BEGIN STEP: Given I start application by name "Calculator" ▄ ▄ ▄<br/>▀ ▀ ▀ END STEP: Given I start application by name "Calculator" ▀ ▀ ▀<br/>▄ ▄ ▄ BEGIN STEP: And I am using an AppiumDriver ▄ ▄ ▄<br/>▀▄▀▄▀ Driver is an instance of AndroidDriver ▀▄▀▄▀<br/>▀ ▀ ▀ END STEP: And I am using an AppiumDriver ▀ ▀ ▀<br/>▄ ▄ ▄ BEGIN STEP: When clear Calculator ▄ ▄ ▄<br/>▀ ▀ ▀ END STEP: When clear Calculator ▀ ▀ ▀<br/><div style="display:block;margin-left:10px;"><div  class="teststeppass"><span class="teststeppass-label">T </span>Given I start application by name "Calculator"</div><div  class="teststeppass"><span class="teststeppass-label">T </span>And I am using an AppiumDriver</div><div  class="teststepfail"><span class="teststepfail-label">T </span>When clear Calculator <a href="img/AppiumExampleScenario_a4kb457qyd6460846.png" target="_blank">[View Screenshot]</a> </div><div style="display:block;margin-left:10px;"><div  class="fail"><span class="fail-label">F </span>Timed out after 15 seconds waiting for presence of element located by: By.id: com.sec.android.app.popupcalculator:id/bt_clear
Build info: version: '2.53.1', revision: 'a36b8b1cd5757287168e54b817830adce9b0158d', time: '2016-06-30 19:26:09'
System info: host: 'Bingo', ip: '192.168.1.3', os.name: 'Mac OS X', os.arch: 'x86_64', os.version: '10.13.4', java.version: '1.8.0_60'
Driver info: driver.version: QAFExtendedWebDriver</div></div><div  class="teststep"><span class="teststep-label">T </span>When add "3" to "5"</div><div  class="teststep"><span class="teststep-label">T </span>Then result should be "8"</div></div></div></td></tr><tr><th>Exception</th></tr><tr><td><div class="stacktrace">org.openqa.selenium.TimeoutException: Timed out after 15 seconds waiting for presence of element located by: By.id: com.sec.android.app.popupcalculator:id/bt_clear
Build info: version: &apos;2.53.1&apos;, revision: &apos;a36b8b1cd5757287168e54b817830adce9b0158d&apos;, time: &apos;2016-06-30 19:26:09&apos;
System info: host: &apos;Bingo&apos;, ip: &apos;192.168.1.3&apos;, os.name: &apos;Mac OS X&apos;, os.arch: &apos;x86_64&apos;, os.version: &apos;10.13.4&apos;, java.version: &apos;1.8.0_60&apos;
Driver info: driver.version: QAFExtendedWebDriver
	at .When clear Calculator(src/main/resources/scenarios/appiumCalc.feature:9)
	at org.openqa.selenium.support.ui.FluentWait.timeoutException(FluentWait.java:292)
	at org.openqa.selenium.support.ui.FluentWait.until(FluentWait.java:261)
	at com.qmetry.qaf.automation.ui.webdriver.QAFExtendedWebDriver.load(QAFExtendedWebDriver.java:216)
	at com.qmetry.qaf.automation.ui.webdriver.QAFExtendedWebElement.load(QAFExtendedWebElement.java:299)
	at com.qmetry.qaf.automation.ui.webdriver.QAFExtendedWebElement.execute(QAFExtendedWebElement.java:250)
	at org.openqa.selenium.remote.RemoteWebElement.click(RemoteWebElement.java:85)
	at com.quantum.steps.CalcStepsDefs.clearCalculator(CalcStepsDefs.java:37)
	at com.qmetry.qaf.automation.step.JavaStep.doExecute(JavaStep.java:159)
	at com.qmetry.qaf.automation.step.BaseTestStep.execute(BaseTestStep.java:149)
	at com.qmetry.qaf.automation.step.StringTestStep.execute(StringTestStep.java:134)
	at com.qmetry.qaf.automation.step.client.Scenario.execute(Scenario.java:173)
	at com.qmetry.qaf.automation.step.client.Scenario.scenario(Scenario.java:225)
	at java.util.concurrent.FutureTask.run(FutureTask.java:266)
	at java.util.concurrent.ThreadPoolExecutor.runWorker(ThreadPoolExecutor.java:1142)
	at java.util.concurrent.ThreadPoolExecutor$Worker.run(ThreadPoolExecutor.java:617)
	at java.lang.Thread.run(Thread.java:745)
Caused by: org.openqa.selenium.NoSuchElementException: An element could not be located on the page using the given search parameters. (WARNING: The server did not provide any stacktrace information)
Command duration or timeout: 51 milliseconds
For documentation on this error, please visit: http://seleniumhq.org/exceptions/no_such_element.html
Build info: version: &apos;2.53.1&apos;, revision: &apos;a36b8b1cd5757287168e54b817830adce9b0158d&apos;, time: &apos;2016-06-30 19:26:09&apos;
System info: host: &apos;Bingo&apos;, ip: &apos;192.168.1.3&apos;, os.name: &apos;Mac OS X&apos;, os.arch: &apos;x86_64&apos;, os.version: &apos;10.13.4&apos;, java.version: &apos;1.8.0_60&apos;
Driver info: com.qmetry.qaf.automation.ui.webdriver.QAFExtendedWebDriver
Capabilities [{appPackage=com.android.calculator2, deviceScreenSize=1080x1920, networkConnectionEnabled=true, warnings={}, databaseEnabled=false, deviceName=emulator-5554, platform=LINUX, deviceUDID=emulator-5554, appActivity=Calculator, desired={appActivity=Calculator, appPackage=com.android.calculator2, driverClass=io.appium.java_client.android.AndroidDriver, automationName=Appium, takesScreenshot=true, javascriptEnabled=true, platformName=Android, deviceName=Nexus 5X API 24, cssSelectorsEnabled=true}, driverClass=io.appium.java_client.android.AndroidDriver, platformVersion=7.0, webStorageEnabled=false, locationContextEnabled=false, automationName=Appium, takesScreenshot=true, javascriptEnabled=true, deviceModel=Android SDK built for x86, platformName=Android, deviceManufacturer=Google, cssSelectorsEnabled=true}]
Session ID: 07c996ef-1c6c-4472-93c2-9e7984317dae
*** Element info: {Using=id, value=com.sec.android.app.popupcalculator:id/bt_clear}
	at org.openqa.selenium.remote.ErrorHandler.createThrowable(ErrorHandler.java:206)
	at org.openqa.selenium.remote.ErrorHandler.throwIfResponseFailed(ErrorHandler.java:158)
	at org.openqa.selenium.remote.RemoteWebDriver.execute(RemoteWebDriver.java:678)
	at com.qmetry.qaf.automation.ui.webdriver.QAFExtendedWebDriver.execute(QAFExtendedWebDriver.java:236)
	at org.openqa.selenium.remote.RemoteWebDriver.findElement(RemoteWebDriver.java:363)
	at org.openqa.selenium.remote.RemoteWebDriver.findElementById(RemoteWebDriver.java:413)
	at com.qmetry.qaf.automation.ui.webdriver.QAFExtendedWebDriver.findElementById(QAFExtendedWebDriver.java:375)
	at com.qmetry.qaf.automation.ui.webdriver.QAFExtendedWebDriver.findElementById(QAFExtendedWebDriver.java:1)
	at org.openqa.selenium.By$ById.findElement(By.java:218)
	at org.openqa.selenium.remote.RemoteWebDriver.findElement(RemoteWebDriver.java:355)
	at com.qmetry.qaf.automation.ui.webdriver.QAFExtendedWebDriver.findElement(QAFExtendedWebDriver.java:171)
	at com.qmetry.qaf.automation.ui.webdriver.QAFExtendedWebDriver.findElement(QAFExtendedWebDriver.java:1)
	at org.openqa.selenium.support.ui.ExpectedConditions.findElement(ExpectedConditions.java:899)
	at org.openqa.selenium.support.ui.ExpectedConditions.access$000(ExpectedConditions.java:41)
	at org.openqa.selenium.support.ui.ExpectedConditions$6.apply(ExpectedConditions.java:181)
	at org.openqa.selenium.support.ui.ExpectedConditions$6.apply(ExpectedConditions.java:178)
	at org.openqa.selenium.support.ui.FluentWait.until(FluentWait.java:238)
	at com.qmetry.qaf.automation.ui.webdriver.QAFExtendedWebDriver.load(QAFExtendedWebDriver.java:216)
	at com.qmetry.qaf.automation.ui.webdriver.QAFExtendedWebElement.load(QAFExtendedWebElement.java:299)
	at com.qmetry.qaf.automation.ui.webdriver.QAFExtendedWebElement.execute(QAFExtendedWebElement.java:250)
	at org.openqa.selenium.remote.RemoteWebElement.click(RemoteWebElement.java:85)
	at com.quantum.steps.CalcStepsDefs.clearCalculator(CalcStepsDefs.java:37)
	at com.qmetry.qaf.automation.step.JavaStep.doExecute(JavaStep.java:159)
	at com.qmetry.qaf.automation.step.BaseTestStep.execute(BaseTestStep.java:149)
	at com.qmetry.qaf.automation.step.StringTestStep.execute(StringTestStep.java:134)
	at com.qmetry.qaf.automation.step.client.Scenario.execute(Scenario.java:173)
	at com.qmetry.qaf.automation.step.client.Scenario.scenario(Scenario.java:225)
	... 4 more
... Removed 24 stack frames</div></td></tr></table><p class="totop"><a href="#summary">back to summary</a></p><h3 id="m1">com.qmetry.qaf.automation.step.client.Scenario#Appium Example Scenario 2</h3><table class="result"><tr><th>Messages</th></tr><tr><td><div class="messages">█▀▀▀▀▀▀▀▀▀▀▀▀▀▀▀▀▀▀▀▀▀▀▀▀▀▀▀▀▀▀▀▀▀▀▀▀▀▀▀▀▀█<br/>█ TEST STARTED: Appium Example Scenario 2 █<br/>█▄▄▄▄▄▄▄▄▄▄▄▄▄▄▄▄▄▄▄▄▄▄▄▄▄▄▄▄▄▄▄▄▄▄▄▄▄▄▄▄▄█<br/>▄ ▄ ▄ BEGIN STEP: Given I start application by name "Calculator" ▄ ▄ ▄<br/>▀ ▀ ▀ END STEP: Given I start application by name "Calculator" ▀ ▀ ▀<br/>▄ ▄ ▄ BEGIN STEP: And I am using an AppiumDriver ▄ ▄ ▄<br/>▀▄▀▄▀ Driver is an instance of AndroidDriver ▀▄▀▄▀<br/>▀ ▀ ▀ END STEP: And I am using an AppiumDriver ▀ ▀ ▀<br/>▄ ▄ ▄ BEGIN STEP: When clear Calculator ▄ ▄ ▄<br/>▀ ▀ ▀ END STEP: When clear Calculator ▀ ▀ ▀<br/><div style="display:block;margin-left:10px;"><div  class="teststeppass"><span class="teststeppass-label">T </span>Given I start application by name "Calculator"</div><div  class="teststeppass"><span class="teststeppass-label">T </span>And I am using an AppiumDriver</div><div  class="teststepfail"><span class="teststepfail-label">T </span>When clear Calculator <a href="img/AppiumExampleScenario2_1dalb1d8gbjav60847.png" target="_blank">[View Screenshot]</a> </div><div style="display:block;margin-left:10px;"><div  class="fail"><span class="fail-label">F </span>Timed out after 15 seconds waiting for presence of element located by: By.id: com.sec.android.app.popupcalculator:id/bt_clear
Build info: version: '2.53.1', revision: 'a36b8b1cd5757287168e54b817830adce9b0158d', time: '2016-06-30 19:26:09'
System info: host: 'Bingo', ip: '192.168.1.3', os.name: 'Mac OS X', os.arch: 'x86_64', os.version: '10.13.4', java.version: '1.8.0_60'
Driver info: driver.version: QAFExtendedWebDriver</div></div><div  class="teststep"><span class="teststep-label">T </span>When add "6" to "7"</div><div  class="teststep"><span class="teststep-label">T </span>Then result should be "13"</div></div></div></td></tr><tr><th>Exception</th></tr><tr><td><div class="stacktrace">org.openqa.selenium.TimeoutException: Timed out after 15 seconds waiting for presence of element located by: By.id: com.sec.android.app.popupcalculator:id/bt_clear
Build info: version: &apos;2.53.1&apos;, revision: &apos;a36b8b1cd5757287168e54b817830adce9b0158d&apos;, time: &apos;2016-06-30 19:26:09&apos;
System info: host: &apos;Bingo&apos;, ip: &apos;192.168.1.3&apos;, os.name: &apos;Mac OS X&apos;, os.arch: &apos;x86_64&apos;, os.version: &apos;10.13.4&apos;, java.version: &apos;1.8.0_60&apos;
Driver info: driver.version: QAFExtendedWebDriver
	at .When clear Calculator(src/main/resources/scenarios/appiumCalc.feature:17)
	at org.openqa.selenium.support.ui.FluentWait.timeoutException(FluentWait.java:292)
	at org.openqa.selenium.support.ui.FluentWait.until(FluentWait.java:261)
	at com.qmetry.qaf.automation.ui.webdriver.QAFExtendedWebDriver.load(QAFExtendedWebDriver.java:216)
	at com.qmetry.qaf.automation.ui.webdriver.QAFExtendedWebElement.load(QAFExtendedWebElement.java:299)
	at com.qmetry.qaf.automation.ui.webdriver.QAFExtendedWebElement.execute(QAFExtendedWebElement.java:250)
	at org.openqa.selenium.remote.RemoteWebElement.click(RemoteWebElement.java:85)
	at com.quantum.steps.CalcStepsDefs.clearCalculator(CalcStepsDefs.java:37)
	at com.qmetry.qaf.automation.step.JavaStep.doExecute(JavaStep.java:159)
	at com.qmetry.qaf.automation.step.BaseTestStep.execute(BaseTestStep.java:149)
	at com.qmetry.qaf.automation.step.StringTestStep.execute(StringTestStep.java:134)
	at com.qmetry.qaf.automation.step.client.Scenario.execute(Scenario.java:173)
	at com.qmetry.qaf.automation.step.client.Scenario.scenario(Scenario.java:225)
	at java.util.concurrent.FutureTask.run(FutureTask.java:266)
	at java.util.concurrent.ThreadPoolExecutor.runWorker(ThreadPoolExecutor.java:1142)
	at java.util.concurrent.ThreadPoolExecutor$Worker.run(ThreadPoolExecutor.java:617)
	at java.lang.Thread.run(Thread.java:745)
Caused by: org.openqa.selenium.NoSuchElementException: An element could not be located on the page using the given search parameters. (WARNING: The server did not provide any stacktrace information)
Command duration or timeout: 22 milliseconds
For documentation on this error, please visit: http://seleniumhq.org/exceptions/no_such_element.html
Build info: version: &apos;2.53.1&apos;, revision: &apos;a36b8b1cd5757287168e54b817830adce9b0158d&apos;, time: &apos;2016-06-30 19:26:09&apos;
System info: host: &apos;Bingo&apos;, ip: &apos;192.168.1.3&apos;, os.name: &apos;Mac OS X&apos;, os.arch: &apos;x86_64&apos;, os.version: &apos;10.13.4&apos;, java.version: &apos;1.8.0_60&apos;
Driver info: com.qmetry.qaf.automation.ui.webdriver.QAFExtendedWebDriver
Capabilities [{appPackage=com.android.calculator2, deviceScreenSize=1080x1920, networkConnectionEnabled=true, warnings={}, databaseEnabled=false, deviceName=emulator-5554, platform=LINUX, deviceUDID=emulator-5554, appActivity=Calculator, desired={appActivity=Calculator, appPackage=com.android.calculator2, driverClass=io.appium.java_client.android.AndroidDriver, automationName=Appium, takesScreenshot=true, javascriptEnabled=true, platformName=Android, deviceName=Nexus 5X API 24, cssSelectorsEnabled=true}, driverClass=io.appium.java_client.android.AndroidDriver, platformVersion=7.0, webStorageEnabled=false, locationContextEnabled=false, automationName=Appium, takesScreenshot=true, javascriptEnabled=true, deviceModel=Android SDK built for x86, platformName=Android, deviceManufacturer=Google, cssSelectorsEnabled=true}]
Session ID: 07c996ef-1c6c-4472-93c2-9e7984317dae
*** Element info: {Using=id, value=com.sec.android.app.popupcalculator:id/bt_clear}
	at org.openqa.selenium.remote.ErrorHandler.createThrowable(ErrorHandler.java:206)
	at org.openqa.selenium.remote.ErrorHandler.throwIfResponseFailed(ErrorHandler.java:158)
	at org.openqa.selenium.remote.RemoteWebDriver.execute(RemoteWebDriver.java:678)
	at com.qmetry.qaf.automation.ui.webdriver.QAFExtendedWebDriver.execute(QAFExtendedWebDriver.java:236)
	at org.openqa.selenium.remote.RemoteWebDriver.findElement(RemoteWebDriver.java:363)
	at org.openqa.selenium.remote.RemoteWebDriver.findElementById(RemoteWebDriver.java:413)
	at com.qmetry.qaf.automation.ui.webdriver.QAFExtendedWebDriver.findElementById(QAFExtendedWebDriver.java:375)
	at com.qmetry.qaf.automation.ui.webdriver.QAFExtendedWebDriver.findElementById(QAFExtendedWebDriver.java:1)
	at org.openqa.selenium.By$ById.findElement(By.java:218)
	at org.openqa.selenium.remote.RemoteWebDriver.findElement(RemoteWebDriver.java:355)
	at com.qmetry.qaf.automation.ui.webdriver.QAFExtendedWebDriver.findElement(QAFExtendedWebDriver.java:171)
	at com.qmetry.qaf.automation.ui.webdriver.QAFExtendedWebDriver.findElement(QAFExtendedWebDriver.java:1)
	at org.openqa.selenium.support.ui.ExpectedConditions.findElement(ExpectedConditions.java:899)
	at org.openqa.selenium.support.ui.ExpectedConditions.access$000(ExpectedConditions.java:41)
	at org.openqa.selenium.support.ui.ExpectedConditions$6.apply(ExpectedConditions.java:181)
	at org.openqa.selenium.support.ui.ExpectedConditions$6.apply(ExpectedConditions.java:178)
	at org.openqa.selenium.support.ui.FluentWait.until(FluentWait.java:238)
	at com.qmetry.qaf.automation.ui.webdriver.QAFExtendedWebDriver.load(QAFExtendedWebDriver.java:216)
	at com.qmetry.qaf.automation.ui.webdriver.QAFExtendedWebElement.load(QAFExtendedWebElement.java:299)
	at com.qmetry.qaf.automation.ui.webdriver.QAFExtendedWebElement.execute(QAFExtendedWebElement.java:250)
	at org.openqa.selenium.remote.RemoteWebElement.click(RemoteWebElement.java:85)
	at com.quantum.steps.CalcStepsDefs.clearCalculator(CalcStepsDefs.java:37)
	at com.qmetry.qaf.automation.step.JavaStep.doExecute(JavaStep.java:159)
	at com.qmetry.qaf.automation.step.BaseTestStep.execute(BaseTestStep.java:149)
	at com.qmetry.qaf.automation.step.StringTestStep.execute(StringTestStep.java:134)
	at com.qmetry.qaf.automation.step.client.Scenario.execute(Scenario.java:173)
	at com.qmetry.qaf.automation.step.client.Scenario.scenario(Scenario.java:225)
	... 4 more
... Removed 23 stack frames</div></td></tr></table><p class="totop"><a href="#summary">back to summary</a></p></body></html>